<?xml version="1.0" encoding="UTF-8"?>
<!-- Generated by org.testng.reporters.JUnitXMLReporter -->
<testsuite hostname="ATMECSINLT-407" ignored="0" name="Test" tests="2" failures="2" timestamp="2020-12-16T19:09:46 IST" time="24.494" errors="0">
  <testcase name="runBooking" time="1.999" classname="com.atmecs.assess.yatra.testscripts.flightbooking">
    <failure type="org.openqa.selenium.ElementClickInterceptedException" message="element click intercepted: Element &amp;lt;a id=&amp;quot;booking_engine_flights&amp;quot; href=&amp;quot;javascript:void(0);&amp;quot; target=&amp;quot;_self&amp;quot; title=&amp;quot;Flights&amp;quot; rel=&amp;quot;&amp;quot; class=&amp;quot;relative active-tab&amp;quot;&amp;gt;...&amp;lt;/a&amp;gt; is not clickable at point (259, 36). Other element would receive the click: &amp;lt;iframe title=&amp;quot;notification-frame-~55870753&amp;quot; name=&amp;quot;notification-frame-~55870753&amp;quot; id=&amp;quot;webklipper-publisher-widget-container-notification-frame&amp;quot; frameborder=&amp;quot;0&amp;quot; marginheight=&amp;quot;0&amp;quot; marginwidth=&amp;quot;0&amp;quot; style=&amp;quot;display: block; z-index: 16776272; position: fixed; visibility: visible; height: 100%; width: 100%; top: 0px; left: 0px; right: auto;&amp;quot; data-notification-layout-id=&amp;quot;~184fc0b7&amp;quot; data-notification-layout-name=&amp;quot;modal&amp;quot; cd_frame_id_=&amp;quot;ee033964a6ae5f46117a1c31936bfe07&amp;quot;&amp;gt;&amp;lt;/iframe&amp;gt;
  (Session info: chrome=87.0.4280.88)
Build info: version: &amp;apos;3.141.59&amp;apos;, revision: &amp;apos;e82be7d358&amp;apos;, time: &amp;apos;2018-11-14T08:17:03&amp;apos;
System info: host: &amp;apos;ATMECSINLT-407&amp;apos;, ip: &amp;apos;192.168.0.109&amp;apos;, os.name: &amp;apos;Windows 10&amp;apos;, os.arch: &amp;apos;amd64&amp;apos;, os.version: &amp;apos;10.0&amp;apos;, java.version: &amp;apos;1.8.0_241&amp;apos;
Driver info: org.openqa.selenium.chrome.ChromeDriver
Capabilities {acceptInsecureCerts: false, browserName: chrome, browserVersion: 87.0.4280.88, chrome: {chromedriverVersion: 87.0.4280.88 (89e2380a3e36c..., userDataDir: C:\Users\MOHAMM~1.RIZ\AppDa...}, goog:chromeOptions: {debuggerAddress: localhost:56331}, javascriptEnabled: true, networkConnectionEnabled: false, pageLoadStrategy: normal, platform: WINDOWS, platformName: WINDOWS, proxy: Proxy(), setWindowRect: true, strictFileInteractability: false, timeouts: {implicit: 0, pageLoad: 300000, script: 30000}, unhandledPromptBehavior: dismiss and notify, webauthn:virtualAuthenticators: true}
Session ID: e1e7a6e11277a1ffeae6085f780a820d">
      <![CDATA[org.openqa.selenium.ElementClickInterceptedException: element click intercepted: Element <a id="booking_engine_flights" href="javascript:void(0);" target="_self" title="Flights" rel="" class="relative active-tab">...</a> is not clickable at point (259, 36). Other element would receive the click: <iframe title="notification-frame-~55870753" name="notification-frame-~55870753" id="webklipper-publisher-widget-container-notification-frame" frameborder="0" marginheight="0" marginwidth="0" style="display: block; z-index: 16776272; position: fixed; visibility: visible; height: 100%; width: 100%; top: 0px; left: 0px; right: auto;" data-notification-layout-id="~184fc0b7" data-notification-layout-name="modal" cd_frame_id_="ee033964a6ae5f46117a1c31936bfe07"></iframe>
  (Session info: chrome=87.0.4280.88)
Build info: version: '3.141.59', revision: 'e82be7d358', time: '2018-11-14T08:17:03'
System info: host: 'ATMECSINLT-407', ip: '192.168.0.109', os.name: 'Windows 10', os.arch: 'amd64', os.version: '10.0', java.version: '1.8.0_241'
Driver info: org.openqa.selenium.chrome.ChromeDriver
Capabilities {acceptInsecureCerts: false, browserName: chrome, browserVersion: 87.0.4280.88, chrome: {chromedriverVersion: 87.0.4280.88 (89e2380a3e36c..., userDataDir: C:\Users\MOHAMM~1.RIZ\AppDa...}, goog:chromeOptions: {debuggerAddress: localhost:56331}, javascriptEnabled: true, networkConnectionEnabled: false, pageLoadStrategy: normal, platform: WINDOWS, platformName: WINDOWS, proxy: Proxy(), setWindowRect: true, strictFileInteractability: false, timeouts: {implicit: 0, pageLoad: 300000, script: 30000}, unhandledPromptBehavior: dismiss and notify, webauthn:virtualAuthenticators: true}
Session ID: e1e7a6e11277a1ffeae6085f780a820d
at org.openqa.selenium.remote.http.W3CHttpResponseCodec.createException(W3CHttpResponseCodec.java:187)
at org.openqa.selenium.remote.http.W3CHttpResponseCodec.decode(W3CHttpResponseCodec.java:122)
at org.openqa.selenium.remote.http.W3CHttpResponseCodec.decode(W3CHttpResponseCodec.java:49)
at org.openqa.selenium.remote.HttpCommandExecutor.execute(HttpCommandExecutor.java:158)
at org.openqa.selenium.remote.service.DriverCommandExecutor.execute(DriverCommandExecutor.java:83)
at org.openqa.selenium.remote.RemoteWebDriver.execute(RemoteWebDriver.java:552)
at org.openqa.selenium.remote.RemoteWebElement.execute(RemoteWebElement.java:285)
at org.openqa.selenium.remote.RemoteWebElement.click(RemoteWebElement.java:84)
at com.atmecs.assess.yatra.helper.HelperClass.elementClick(HelperClass.java:34)
at com.atmecs.assess.yatra.pages.flightbookingclass.bookTickets(flightbookingclass.java:28)
at com.atmecs.assess.yatra.testscripts.flightbooking.runBooking(flightbooking.java:13)
at java.util.ArrayList.forEach(ArrayList.java:1257)
... Removed 31 stack frames]]>
    </failure>
  </testcase> <!-- runBooking -->
  <testcase name="runMonument" time="2.634" classname="com.atmecs.assess.yatra.testscripts.Monuments">
    <failure type="org.openqa.selenium.ElementClickInterceptedException" message="element click intercepted: Element &amp;lt;span class=&amp;quot;more-arr&amp;quot;&amp;gt;...&amp;lt;/span&amp;gt; is not clickable at point (730, 36). Other element would receive the click: &amp;lt;iframe title=&amp;quot;notification-frame-~55870753&amp;quot; name=&amp;quot;notification-frame-~55870753&amp;quot; id=&amp;quot;webklipper-publisher-widget-container-notification-frame&amp;quot; frameborder=&amp;quot;0&amp;quot; marginheight=&amp;quot;0&amp;quot; marginwidth=&amp;quot;0&amp;quot; style=&amp;quot;display: block; z-index: 16776272; position: fixed; visibility: visible; height: 100%; width: 100%; top: 0px; left: 0px; right: auto;&amp;quot; data-notification-layout-id=&amp;quot;~184fc0b7&amp;quot; data-notification-layout-name=&amp;quot;modal&amp;quot; cd_frame_id_=&amp;quot;535016f28213251dc4084cbeb8cb5be7&amp;quot;&amp;gt;&amp;lt;/iframe&amp;gt;
  (Session info: chrome=87.0.4280.88)
Build info: version: &amp;apos;3.141.59&amp;apos;, revision: &amp;apos;e82be7d358&amp;apos;, time: &amp;apos;2018-11-14T08:17:03&amp;apos;
System info: host: &amp;apos;ATMECSINLT-407&amp;apos;, ip: &amp;apos;192.168.0.109&amp;apos;, os.name: &amp;apos;Windows 10&amp;apos;, os.arch: &amp;apos;amd64&amp;apos;, os.version: &amp;apos;10.0&amp;apos;, java.version: &amp;apos;1.8.0_241&amp;apos;
Driver info: org.openqa.selenium.chrome.ChromeDriver
Capabilities {acceptInsecureCerts: false, browserName: chrome, browserVersion: 87.0.4280.88, chrome: {chromedriverVersion: 87.0.4280.88 (89e2380a3e36c..., userDataDir: C:\Users\MOHAMM~1.RIZ\AppDa...}, goog:chromeOptions: {debuggerAddress: localhost:56391}, javascriptEnabled: true, networkConnectionEnabled: false, pageLoadStrategy: normal, platform: WINDOWS, platformName: WINDOWS, proxy: Proxy(), setWindowRect: true, strictFileInteractability: false, timeouts: {implicit: 0, pageLoad: 300000, script: 30000}, unhandledPromptBehavior: dismiss and notify, webauthn:virtualAuthenticators: true}
Session ID: 2ac208eb5ad442596e753e75db39ee9f">
      <![CDATA[org.openqa.selenium.ElementClickInterceptedException: element click intercepted: Element <span class="more-arr">...</span> is not clickable at point (730, 36). Other element would receive the click: <iframe title="notification-frame-~55870753" name="notification-frame-~55870753" id="webklipper-publisher-widget-container-notification-frame" frameborder="0" marginheight="0" marginwidth="0" style="display: block; z-index: 16776272; position: fixed; visibility: visible; height: 100%; width: 100%; top: 0px; left: 0px; right: auto;" data-notification-layout-id="~184fc0b7" data-notification-layout-name="modal" cd_frame_id_="535016f28213251dc4084cbeb8cb5be7"></iframe>
  (Session info: chrome=87.0.4280.88)
Build info: version: '3.141.59', revision: 'e82be7d358', time: '2018-11-14T08:17:03'
System info: host: 'ATMECSINLT-407', ip: '192.168.0.109', os.name: 'Windows 10', os.arch: 'amd64', os.version: '10.0', java.version: '1.8.0_241'
Driver info: org.openqa.selenium.chrome.ChromeDriver
Capabilities {acceptInsecureCerts: false, browserName: chrome, browserVersion: 87.0.4280.88, chrome: {chromedriverVersion: 87.0.4280.88 (89e2380a3e36c..., userDataDir: C:\Users\MOHAMM~1.RIZ\AppDa...}, goog:chromeOptions: {debuggerAddress: localhost:56391}, javascriptEnabled: true, networkConnectionEnabled: false, pageLoadStrategy: normal, platform: WINDOWS, platformName: WINDOWS, proxy: Proxy(), setWindowRect: true, strictFileInteractability: false, timeouts: {implicit: 0, pageLoad: 300000, script: 30000}, unhandledPromptBehavior: dismiss and notify, webauthn:virtualAuthenticators: true}
Session ID: 2ac208eb5ad442596e753e75db39ee9f
at org.openqa.selenium.remote.http.W3CHttpResponseCodec.createException(W3CHttpResponseCodec.java:187)
at org.openqa.selenium.remote.http.W3CHttpResponseCodec.decode(W3CHttpResponseCodec.java:122)
at org.openqa.selenium.remote.http.W3CHttpResponseCodec.decode(W3CHttpResponseCodec.java:49)
at org.openqa.selenium.remote.HttpCommandExecutor.execute(HttpCommandExecutor.java:158)
at org.openqa.selenium.remote.service.DriverCommandExecutor.execute(DriverCommandExecutor.java:83)
at org.openqa.selenium.remote.RemoteWebDriver.execute(RemoteWebDriver.java:552)
at org.openqa.selenium.remote.RemoteWebElement.execute(RemoteWebElement.java:285)
at org.openqa.selenium.remote.RemoteWebElement.click(RemoteWebElement.java:84)
at com.atmecs.assess.yatra.helper.HelperClass.elementClick(HelperClass.java:34)
at com.atmecs.assess.yatra.pages.MonumentsClass.SearchMonuments(MonumentsClass.java:29)
at com.atmecs.assess.yatra.testscripts.Monuments.runMonument(Monuments.java:15)
at java.util.ArrayList.forEach(ArrayList.java:1257)
... Removed 31 stack frames]]>
    </failure>
  </testcase> <!-- runMonument -->
</testsuite> <!-- Test -->
