<?xml version="1.0" encoding="UTF-8"?>
<!-- Generated by org.testng.reporters.JUnitXMLReporter -->
<testsuite hostname="ATMECSINLT-407" ignored="0" name="Test" tests="2" failures="1" timestamp="2020-12-16T17:42:53 IST" time="53.708" errors="0">
  <testcase name="runBooking" time="29.61" classname="com.atmecs.assess.yatra.testscripts.flightbooking"/>
  <testcase name="runMonument" time="3.78" classname="com.atmecs.assess.yatra.testscripts.Monuments">
    <failure type="java.lang.IllegalArgumentException" message="Keys to send should be a not null CharSequence">
      <![CDATA[java.lang.IllegalArgumentException: Keys to send should be a not null CharSequence
at org.openqa.selenium.remote.RemoteWebElement.sendKeys(RemoteWebElement.java:97)
at com.atmecs.assess.yatra.helper.HelperClass.elementSendKeys(HelperClass.java:40)
at com.atmecs.assess.yatra.pages.MonumentsClass.SearchMonuments(MonumentsClass.java:44)
at com.atmecs.assess.yatra.testscripts.Monuments.runMonument(Monuments.java:15)
at java.util.ArrayList.forEach(ArrayList.java:1257)
... Removed 31 stack frames]]>
    </failure>
  </testcase> <!-- runMonument -->
</testsuite> <!-- Test -->
