<?xml version="1.0" encoding="UTF-8"?>
<testng-results skipped="0" failed="1" ignored="0" total="2" passed="1">
  <reporter-output>
  </reporter-output>
  <suite name="Suite" duration-ms="53708" started-at="2020-12-16T17:42:00 IST" finished-at="2020-12-16T17:42:53 IST">
    <groups>
    </groups>
    <test name="Test" duration-ms="53708" started-at="2020-12-16T17:42:00 IST" finished-at="2020-12-16T17:42:53 IST">
      <class name="com.atmecs.assess.yatra.testscripts.flightbooking">
        <test-method status="PASS" signature="declaration()[pri:0, instance:com.atmecs.assess.yatra.testscripts.flightbooking@1ed4004b]" name="declaration" is-config="true" duration-ms="9840" started-at="2020-12-16T17:42:00 IST" finished-at="2020-12-16T17:42:10 IST">
          <reporter-output>
          </reporter-output>
        </test-method> <!-- declaration -->
        <test-method status="PASS" signature="runBooking()[pri:0, instance:com.atmecs.assess.yatra.testscripts.flightbooking@1ed4004b]" name="runBooking" duration-ms="29610" started-at="2020-12-16T17:42:10 IST" finished-at="2020-12-16T17:42:39 IST">
          <reporter-output>
          </reporter-output>
        </test-method> <!-- runBooking -->
        <test-method status="PASS" signature="closeBrowser()[pri:0, instance:com.atmecs.assess.yatra.testscripts.flightbooking@1ed4004b]" name="closeBrowser" is-config="true" duration-ms="1022" started-at="2020-12-16T17:42:39 IST" finished-at="2020-12-16T17:42:40 IST">
          <reporter-output>
          </reporter-output>
        </test-method> <!-- closeBrowser -->
      </class> <!-- com.atmecs.assess.yatra.testscripts.flightbooking -->
      <class name="com.atmecs.assess.yatra.testscripts.Monuments">
        <test-method status="PASS" signature="declaration()[pri:0, instance:com.atmecs.assess.yatra.testscripts.Monuments@ff5b51f]" name="declaration" is-config="true" duration-ms="7755" started-at="2020-12-16T17:42:40 IST" finished-at="2020-12-16T17:42:48 IST">
          <reporter-output>
          </reporter-output>
        </test-method> <!-- declaration -->
        <test-method status="FAIL" signature="runMonument()[pri:0, instance:com.atmecs.assess.yatra.testscripts.Monuments@ff5b51f]" name="runMonument" duration-ms="3780" started-at="2020-12-16T17:42:48 IST" finished-at="2020-12-16T17:42:52 IST">
          <exception class="java.lang.IllegalArgumentException">
            <message>
              <![CDATA[Keys to send should be a not null CharSequence]]>
            </message>
            <full-stacktrace>
              <![CDATA[java.lang.IllegalArgumentException: Keys to send should be a not null CharSequence
at org.openqa.selenium.remote.RemoteWebElement.sendKeys(RemoteWebElement.java:97)
at com.atmecs.assess.yatra.helper.HelperClass.elementSendKeys(HelperClass.java:40)
at com.atmecs.assess.yatra.pages.MonumentsClass.SearchMonuments(MonumentsClass.java:44)
at com.atmecs.assess.yatra.testscripts.Monuments.runMonument(Monuments.java:15)
at sun.reflect.NativeMethodAccessorImpl.invoke0(Native Method)
at sun.reflect.NativeMethodAccessorImpl.invoke(NativeMethodAccessorImpl.java:62)
at sun.reflect.DelegatingMethodAccessorImpl.invoke(DelegatingMethodAccessorImpl.java:43)
at java.lang.reflect.Method.invoke(Method.java:498)
at org.testng.internal.MethodInvocationHelper.invokeMethod(MethodInvocationHelper.java:132)
at org.testng.internal.TestInvoker.invokeMethod(TestInvoker.java:599)
at org.testng.internal.TestInvoker.invokeTestMethod(TestInvoker.java:174)
at org.testng.internal.MethodRunner.runInSequence(MethodRunner.java:46)
at org.testng.internal.TestInvoker$MethodInvocationAgent.invoke(TestInvoker.java:822)
at org.testng.internal.TestInvoker.invokeTestMethods(TestInvoker.java:147)
at org.testng.internal.TestMethodWorker.invokeTestMethods(TestMethodWorker.java:146)
at org.testng.internal.TestMethodWorker.run(TestMethodWorker.java:128)
at java.util.ArrayList.forEach(ArrayList.java:1257)
at org.testng.TestRunner.privateRun(TestRunner.java:764)
at org.testng.TestRunner.run(TestRunner.java:585)
at org.testng.SuiteRunner.runTest(SuiteRunner.java:384)
at org.testng.SuiteRunner.runSequentially(SuiteRunner.java:378)
at org.testng.SuiteRunner.privateRun(SuiteRunner.java:337)
at org.testng.SuiteRunner.run(SuiteRunner.java:286)
at org.testng.SuiteRunnerWorker.runSuite(SuiteRunnerWorker.java:53)
at org.testng.SuiteRunnerWorker.run(SuiteRunnerWorker.java:96)
at org.testng.TestNG.runSuitesSequentially(TestNG.java:1218)
at org.testng.TestNG.runSuitesLocally(TestNG.java:1140)
at org.testng.TestNG.runSuites(TestNG.java:1069)
at org.testng.TestNG.run(TestNG.java:1037)
at org.apache.maven.surefire.testng.TestNGExecutor.run(TestNGExecutor.java:283)
at org.apache.maven.surefire.testng.TestNGXmlTestSuite.execute(TestNGXmlTestSuite.java:75)
at org.apache.maven.surefire.testng.TestNGProvider.invoke(TestNGProvider.java:120)
at org.apache.maven.surefire.booter.ForkedBooter.invokeProviderInSameClassLoader(ForkedBooter.java:384)
at org.apache.maven.surefire.booter.ForkedBooter.runSuitesInProcess(ForkedBooter.java:345)
at org.apache.maven.surefire.booter.ForkedBooter.execute(ForkedBooter.java:126)
at org.apache.maven.surefire.booter.ForkedBooter.main(ForkedBooter.java:418)
]]>
            </full-stacktrace>
          </exception> <!-- java.lang.IllegalArgumentException -->
          <reporter-output>
          </reporter-output>
        </test-method> <!-- runMonument -->
        <test-method status="PASS" signature="closeBrowser()[pri:0, instance:com.atmecs.assess.yatra.testscripts.Monuments@ff5b51f]" name="closeBrowser" is-config="true" duration-ms="1639" started-at="2020-12-16T17:42:52 IST" finished-at="2020-12-16T17:42:53 IST">
          <reporter-output>
          </reporter-output>
        </test-method> <!-- closeBrowser -->
      </class> <!-- com.atmecs.assess.yatra.testscripts.Monuments -->
    </test> <!-- Test -->
  </suite> <!-- Suite -->
</testng-results>
